[fMsg]
BackUpRenewed=01.04.2020 20:06:04
[mCommon]
BackUpRenewed=30.03.2020 17:48:54
[mErrHndlr]
BackUpRenewed=01.04.2020 20:06:05
[wbFile]
BackedUpInExportFile=E:\Ablage\Excel VBA\DevAndTest\Common\File\wbFile.cls
[wsFile]
BackedUpInExportFile=E:\Ablage\Excel VBA\DevAndTest\Common\File\wsFile.cls
[mTest]
BackedUpInExportFile=E:\Ablage\Excel VBA\DevAndTest\Common\File\mTest.bas
[mFile]
BackedUpInExportFile=E:\Ablage\Excel VBA\DevAndTest\Common\File\mFile.bas
BackUpRenewed=01.04.2020 20:06:05
[mCommComp]
BackedUpInExportFile=E:\Ablage\Excel VBA\DevAndTest\Common\File\mCommComp.bas
BackUpRenewed=30.03.2020 17:48:54
[clsCallStack]
BackUpRenewed=01.04.2020 20:06:04
